Reading the data
Creating the data dict
Griding the data
Saving data for 201001010000
A total number of 343979.0 events have been detected
Saving data for 201001020000
A total number of 791749.0 events have been detected
Saving data for 201001030000
A total number of 481049.0 events have been detected
Saving data for 201001040000
A total number of 436487.0 events have been detected
Saving data for 201001050000
A total number of 697710.0 events have been detected
Saving data for 201001060000
A total number of 870619.0 events have been detected
Saving data for 201001070000
A total number of 852031.0 events have been detected
Saving data for 201001080000
A total number of 822064.0 events have been detected
Saving data for 201001090000
A total number of 829255.0 events have been detected
Saving data for 201001100000
A total number of 544387.0 events have been detected
Saving data for 201001110000
A total number of 504840.0 events have been detected
Saving data for 201001120000
A total number of 874983.0 events have been detected
Saving data for 201001130000
A total number of 1018365.0 events have been detected
Saving data for 201001140000
A total number of 676877.0 events have been detected
Saving data for 201001150000
A total number of 477871.0 events have been detected
Saving data for 201001160000
A total number of 203071.0 events have been detected
Saving data for 201001170000
A total number of 502139.0 events have been detected
Saving data for 201001180000
A total number of 615038.0 events have been detected
Saving data for 201001190000
A total number of 863748.0 events have been detected
Saving data for 201001200000
A total number of 542144.0 events have been detected
Saving data for 201001210000
A total number of 197345.0 events have been detected
Saving data for 201001220000
A total number of 223507.0 events have been detected
Saving data for 201001230000
A total number of 330394.0 events have been detected
Saving data for 201001240000
A total number of 373782.0 events have been detected
Saving data for 201001250000
A total number of 537389.0 events have been detected
Saving data for 201001260000
A total number of 631831.0 events have been detected
Saving data for 201001270000
A total number of 642708.0 events have been detected
Saving data for 201001280000
A total number of 360693.0 events have been detected
Saving data for 201001290000
A total number of 300097.0 events have been detected
Saving data for 201001300000
A total number of 401776.0 events have been detected
Saving data for 201001310000
A total number of 426212.0 events have been detected
Saving data for 201002010000
A total number of 423842.0 events have been detected
Saving data for 201002020000
A total number of 345869.0 events have been detected
Saving data for 201002030000
A total number of 188548.0 events have been detected
Saving data for 201002040000
A total number of 792825.0 events have been detected
Saving data for 201002050000
A total number of 918791.0 events have been detected
Saving data for 201002060000
A total number of 997031.0 events have been detected
Saving data for 201002070000
A total number of 893592.0 events have been detected
Saving data for 201002080000
A total number of 835924.0 events have been detected
Saving data for 201002090000
A total number of 1068699.0 events have been detected
Saving data for 201002100000
A total number of 636807.0 events have been detected
Saving data for 201002110000
A total number of 1113140.0 events have been detected
Saving data for 201002120000
A total number of 589792.0 events have been detected
Saving data for 201002130000
A total number of 456652.0 events have been detected
Saving data for 201002140000
A total number of 669070.0 events have been detected
Saving data for 201002150000
A total number of 718660.0 events have been detected
Saving data for 201002160000
A total number of 641806.0 events have been detected
Saving data for 201002170000
A total number of 932518.0 events have been detected
Saving data for 201002180000
A total number of 634081.0 events have been detected
Saving data for 201002190000
A total number of 477557.0 events have been detected
Saving data for 201002200000
A total number of 848303.0 events have been detected
Saving data for 201002210000
A total number of 552938.0 events have been detected
Saving data for 201002220000
A total number of 186247.0 events have been detected
Saving data for 201002230000
A total number of 481301.0 events have been detected
Saving data for 201002240000
A total number of 678689.0 events have been detected
Saving data for 201002250000
A total number of 788803.0 events have been detected
Saving data for 201002260000
A total number of 1133969.0 events have been detected
Saving data for 201002270000
A total number of 873883.0 events have been detected
Saving data for 201002280000
A total number of 648247.0 events have been detected
Saving data for 201003010000
A total number of 610809.0 events have been detected
Saving data for 201003020000
A total number of 771113.0 events have been detected
Saving data for 201003030000
A total number of 766182.0 events have been detected
Saving data for 201003040000
A total number of 1253828.0 events have been detected
Saving data for 201003050000
A total number of 1159837.0 events have been detected
Saving data for 201003060000
A total number of 966048.0 events have been detected
Saving data for 201003070000
A total number of 952815.0 events have been detected
Saving data for 201003080000
A total number of 916991.0 events have been detected
Saving data for 201003090000
A total number of 1082714.0 events have been detected
Saving data for 201003100000
A total number of 1125649.0 events have been detected
Saving data for 201003110000
A total number of 666289.0 events have been detected
Saving data for 201003120000
A total number of 738329.0 events have been detected
Saving data for 201003130000
A total number of 822761.0 events have been detected
Saving data for 201003140000
A total number of 1270383.0 events have been detected
Saving data for 201003150000
A total number of 1542549.0 events have been detected
Saving data for 201003160000
A total number of 1132421.0 events have been detected
Saving data for 201003170000
A total number of 840043.0 events have been detected
Saving data for 201003180000
A total number of 987906.0 events have been detected
Saving data for 201003190000
A total number of 954903.0 events have been detected
Saving data for 201003200000
A total number of 867400.0 events have been detected
Saving data for 201003210000
A total number of 431856.0 events have been detected
Saving data for 201003220000
A total number of 528785.0 events have been detected
Saving data for 201003230000
A total number of 1123379.0 events have been detected
Saving data for 201003240000
A total number of 884419.0 events have been detected
Saving data for 201003250000
A total number of 594559.0 events have been detected
Saving data for 201003260000
A total number of 851781.0 events have been detected
Saving data for 201003270000
A total number of 733238.0 events have been detected
Saving data for 201003280000
A total number of 637168.0 events have been detected
Saving data for 201003290000
A total number of 600652.0 events have been detected
Saving data for 201003300000
A total number of 605023.0 events have been detected
Saving data for 201003310000
A total number of 566871.0 events have been detected
Saving data for 201004010000
A total number of 732238.0 events have been detected
Saving data for 201004020000
A total number of 326656.0 events have been detected
Saving data for 201004030000
A total number of 413524.0 events have been detected
Saving data for 201004040000
A total number of 760992.0 events have been detected
Saving data for 201004050000
A total number of 703072.0 events have been detected
Saving data for 201004060000
A total number of 537752.0 events have been detected
Saving data for 201004070000
A total number of 383383.0 events have been detected
Saving data for 201004080000
A total number of 319927.0 events have been detected
Saving data for 201004090000
A total number of 139432.0 events have been detected
Saving data for 201004100000
A total number of 199072.0 events have been detected
Saving data for 201004110000
A total number of 182306.0 events have been detected
Saving data for 201004120000
A total number of 75712.0 events have been detected
Saving data for 201004130000
A total number of 85274.0 events have been detected
Saving data for 201004140000
A total number of 355278.0 events have been detected
Saving data for 201004150000
A total number of 330903.0 events have been detected
Saving data for 201004160000
A total number of 355694.0 events have been detected
Saving data for 201004170000
A total number of 265139.0 events have been detected
Saving data for 201004180000
A total number of 265984.0 events have been detected
Saving data for 201004190000
A total number of 328427.0 events have been detected
Saving data for 201004200000
A total number of 352120.0 events have been detected
Saving data for 201004210000
A total number of 346764.0 events have been detected
Saving data for 201004220000
A total number of 465519.0 events have been detected
Saving data for 201004230000
A total number of 405047.0 events have been detected
Saving data for 201004240000
A total number of 223596.0 events have been detected
Saving data for 201004250000
A total number of 351079.0 events have been detected
Saving data for 201004260000
A total number of 288693.0 events have been detected
Saving data for 201004270000
A total number of 289819.0 events have been detected
Saving data for 201004280000
A total number of 106815.0 events have been detected
Saving data for 201004290000
A total number of 114595.0 events have been detected
Saving data for 201004300000
A total number of 87141.0 events have been detected
Saving data for 201005010000
A total number of 139334.0 events have been detected
Saving data for 201005020000
A total number of 191670.0 events have been detected
Saving data for 201005030000
A total number of 366132.0 events have been detected
Saving data for 201005040000
A total number of 395628.0 events have been detected
Saving data for 201005050000
A total number of 338488.0 events have been detected
Saving data for 201005060000
A total number of 302798.0 events have been detected
Saving data for 201005070000
A total number of 370521.0 events have been detected
Saving data for 201005080000
A total number of 412221.0 events have been detected
Saving data for 201005090000
A total number of 235925.0 events have been detected
Saving data for 201005100000
A total number of 152382.0 events have been detected
Saving data for 201005110000
A total number of 61952.0 events have been detected
Saving data for 201005120000
A total number of 114952.0 events have been detected
Saving data for 201005130000
A total number of 86156.0 events have been detected
Saving data for 201005140000
A total number of 53018.0 events have been detected
Saving data for 201005150000
A total number of 69042.0 events have been detected
Saving data for 201005160000
A total number of 102730.0 events have been detected
Saving data for 201005170000
A total number of 156940.0 events have been detected
Saving data for 201005180000
A total number of 80950.0 events have been detected
Saving data for 201005190000
A total number of 392927.0 events have been detected
Saving data for 201005200000
A total number of 375414.0 events have been detected
Saving data for 201005210000
A total number of 195428.0 events have been detected
Saving data for 201005220000
A total number of 249041.0 events have been detected
Saving data for 201005230000
A total number of 178349.0 events have been detected
Saving data for 201005240000
A total number of 125522.0 events have been detected
Saving data for 201005250000
A total number of 222041.0 events have been detected
Saving data for 201005260000
A total number of 174629.0 events have been detected
Saving data for 201005270000
A total number of 341716.0 events have been detected
Saving data for 201005280000
A total number of 103839.0 events have been detected
Saving data for 201005290000
A total number of 131931.0 events have been detected
Saving data for 201005300000
A total number of 321636.0 events have been detected
Saving data for 201005310000
A total number of 302708.0 events have been detected
Saving data for 201006010000
A total number of 64416.0 events have been detected
Saving data for 201006020000
A total number of 96106.0 events have been detected
Saving data for 201006030000
A total number of 155557.0 events have been detected
Saving data for 201006040000
A total number of 225129.0 events have been detected
Saving data for 201006050000
A total number of 223795.0 events have been detected
Saving data for 201006060000
A total number of 64823.0 events have been detected
Saving data for 201006070000
A total number of 47434.0 events have been detected
Saving data for 201006080000
A total number of 169578.0 events have been detected
Saving data for 201006090000
A total number of 132936.0 events have been detected
Saving data for 201006100000
A total number of 85216.0 events have been detected
Saving data for 201006110000
A total number of 85183.0 events have been detected
Saving data for 201006120000
A total number of 23337.0 events have been detected
Saving data for 201006130000
A total number of 17435.0 events have been detected
Saving data for 201006140000
A total number of 25763.0 events have been detected
Saving data for 201006150000
A total number of 69065.0 events have been detected
Saving data for 201006160000
A total number of 169738.0 events have been detected
Saving data for 201006170000
A total number of 145708.0 events have been detected
Saving data for 201006180000
A total number of 184746.0 events have been detected
Saving data for 201006190000
A total number of 137180.0 events have been detected
Saving data for 201006200000
A total number of 15485.0 events have been detected
Saving data for 201006210000
A total number of 39872.0 events have been detected
Saving data for 201006220000
A total number of 66644.0 events have been detected
Saving data for 201006230000
A total number of 73346.0 events have been detected
Saving data for 201006240000
A total number of 60230.0 events have been detected
Saving data for 201006250000
A total number of 63822.0 events have been detected
Saving data for 201006260000
A total number of 56408.0 events have been detected
Saving data for 201006270000
A total number of 24015.0 events have been detected
Saving data for 201006280000
A total number of 42588.0 events have been detected
Saving data for 201006290000
A total number of 7809.0 events have been detected
Saving data for 201006300000
A total number of 34172.0 events have been detected
Saving data for 201007010000
A total number of 78089.0 events have been detected
Saving data for 201007020000
A total number of 36584.0 events have been detected
Saving data for 201007030000
A total number of 57578.0 events have been detected
Saving data for 201007040000
A total number of 111728.0 events have been detected
Saving data for 201007050000
A total number of 75181.0 events have been detected
Saving data for 201007060000
A total number of 55161.0 events have been detected
Saving data for 201007070000
A total number of 98756.0 events have been detected
Saving data for 201007080000
A total number of 65665.0 events have been detected
Saving data for 201007090000
A total number of 152952.0 events have been detected
Saving data for 201007100000
A total number of 198322.0 events have been detected
Saving data for 201007110000
A total number of 172990.0 events have been detected
Saving data for 201007120000
A total number of 307707.0 events have been detected
Saving data for 201007130000
A total number of 413381.0 events have been detected
Saving data for 201007140000
A total number of 98993.0 events have been detected
Saving data for 201007150000
A total number of 156703.0 events have been detected
Saving data for 201007160000
A total number of 123680.0 events have been detected
Saving data for 201007170000
A total number of 31061.0 events have been detected
Saving data for 201007180000
A total number of 79196.0 events have been detected
Saving data for 201007190000
A total number of 78177.0 events have been detected
Saving data for 201007200000
A total number of 37005.0 events have been detected
Saving data for 201007210000
A total number of 89017.0 events have been detected
Saving data for 201007220000
A total number of 103727.0 events have been detected
Saving data for 201007230000
A total number of 180106.0 events have been detected
Saving data for 201007240000
A total number of 116822.0 events have been detected
Saving data for 201007250000
A total number of 86578.0 events have been detected
Saving data for 201007260000
A total number of 43764.0 events have been detected
Saving data for 201007270000
A total number of 31237.0 events have been detected
Saving data for 201007280000
A total number of 58555.0 events have been detected
Saving data for 201007290000
A total number of 77360.0 events have been detected
Saving data for 201007300000
A total number of 98849.0 events have been detected
Saving data for 201007310000
A total number of 107680.0 events have been detected
Saving data for 201008010000
A total number of 107042.0 events have been detected
Saving data for 201008020000
A total number of 78875.0 events have been detected
Saving data for 201008030000
A total number of 43252.0 events have been detected
Saving data for 201008040000
A total number of 37585.0 events have been detected
Saving data for 201008050000
A total number of 31241.0 events have been detected
Saving data for 201008060000
A total number of 17372.0 events have been detected
Saving data for 201008070000
A total number of 15263.0 events have been detected
Saving data for 201008080000
A total number of 18827.0 events have been detected
Saving data for 201008090000
A total number of 39391.0 events have been detected
Saving data for 201008100000
A total number of 51609.0 events have been detected
Saving data for 201008110000
A total number of 44609.0 events have been detected
Saving data for 201008120000
A total number of 130527.0 events have been detected
Saving data for 201008130000
A total number of 80586.0 events have been detected
Saving data for 201008140000
A total number of 69151.0 events have been detected
Saving data for 201008150000
A total number of 27845.0 events have been detected
Saving data for 201008160000
A total number of 75317.0 events have been detected
Saving data for 201008170000
A total number of 101071.0 events have been detected
Saving data for 201008180000
A total number of 75360.0 events have been detected
Saving data for 201008190000
A total number of 56050.0 events have been detected
Saving data for 201008200000
A total number of 187181.0 events have been detected
Saving data for 201008210000
A total number of 31315.0 events have been detected
Saving data for 201008220000
A total number of 30335.0 events have been detected
Saving data for 201008230000
A total number of 41766.0 events have been detected
Saving data for 201008240000
A total number of 43461.0 events have been detected
Saving data for 201008250000
A total number of 125458.0 events have been detected
Saving data for 201008260000
A total number of 168516.0 events have been detected
Saving data for 201008270000
A total number of 241226.0 events have been detected
Saving data for 201008280000
A total number of 165889.0 events have been detected
Saving data for 201008290000
A total number of 241440.0 events have been detected
Saving data for 201008300000
A total number of 400761.0 events have been detected
Saving data for 201008310000
A total number of 153508.0 events have been detected
Saving data for 201009010000
A total number of 223048.0 events have been detected
Saving data for 201009020000
A total number of 250742.0 events have been detected
Saving data for 201009030000
A total number of 254626.0 events have been detected
Saving data for 201009040000
A total number of 175889.0 events have been detected
Saving data for 201009050000
A total number of 163176.0 events have been detected
Saving data for 201009060000
A total number of 188501.0 events have been detected
Saving data for 201009070000
A total number of 324406.0 events have been detected
Saving data for 201009080000
A total number of 120796.0 events have been detected
Saving data for 201009090000
A total number of 135958.0 events have been detected
Saving data for 201009100000
A total number of 153117.0 events have been detected
Saving data for 201009110000
A total number of 207501.0 events have been detected
Saving data for 201009120000
A total number of 290071.0 events have been detected
Saving data for 201009130000
A total number of 363606.0 events have been detected
Saving data for 201009140000
A total number of 260351.0 events have been detected
Saving data for 201009150000
A total number of 314007.0 events have been detected
Saving data for 201009160000
A total number of 186917.0 events have been detected
Saving data for 201009170000
A total number of 158193.0 events have been detected
Saving data for 201009180000
A total number of 294028.0 events have been detected
Saving data for 201009190000
A total number of 231000.0 events have been detected
Saving data for 201009200000
A total number of 398281.0 events have been detected
Saving data for 201009210000
A total number of 432422.0 events have been detected
Saving data for 201009220000
A total number of 475654.0 events have been detected
Saving data for 201009230000
A total number of 669976.0 events have been detected
Saving data for 201009240000
A total number of 482073.0 events have been detected
Saving data for 201009250000
A total number of 386262.0 events have been detected
Saving data for 201009260000
A total number of 413409.0 events have been detected
Saving data for 201009270000
A total number of 296513.0 events have been detected
Saving data for 201009280000
A total number of 547310.0 events have been detected
Saving data for 201009290000
A total number of 467467.0 events have been detected
Saving data for 201009300000
A total number of 446638.0 events have been detected
Saving data for 201010010000
A total number of 651594.0 events have been detected
Saving data for 201010020000
A total number of 668358.0 events have been detected
Saving data for 201010030000
A total number of 454679.0 events have been detected
Saving data for 201010040000
A total number of 361276.0 events have been detected
Saving data for 201010050000
A total number of 510032.0 events have been detected
Saving data for 201010060000
A total number of 345188.0 events have been detected
Saving data for 201010070000
A total number of 348255.0 events have been detected
Saving data for 201010080000
A total number of 500532.0 events have been detected
Saving data for 201010090000
A total number of 923295.0 events have been detected
Saving data for 201010100000
A total number of 815693.0 events have been detected
Saving data for 201010110000
A total number of 367728.0 events have been detected
Saving data for 201010120000
A total number of 262757.0 events have been detected
Saving data for 201010130000
A total number of 225213.0 events have been detected
Saving data for 201010140000
A total number of 389911.0 events have been detected
Saving data for 201010150000
A total number of 540157.0 events have been detected
Saving data for 201010160000
A total number of 592582.0 events have been detected
Saving data for 201010170000
A total number of 397805.0 events have been detected
Saving data for 201010180000
A total number of 442979.0 events have been detected
Saving data for 201010190000
A total number of 542191.0 events have been detected
Saving data for 201010200000
A total number of 724408.0 events have been detected
Saving data for 201010210000
A total number of 404252.0 events have been detected
Saving data for 201010220000
A total number of 689960.0 events have been detected
Saving data for 201010230000
A total number of 567794.0 events have been detected
Saving data for 201010240000
A total number of 842428.0 events have been detected
Saving data for 201010250000
A total number of 584210.0 events have been detected
Saving data for 201010260000
A total number of 707114.0 events have been detected
Saving data for 201010270000
A total number of 648661.0 events have been detected
Saving data for 201010280000
A total number of 302721.0 events have been detected
Saving data for 201010290000
A total number of 521606.0 events have been detected
Saving data for 201010300000
A total number of 770130.0 events have been detected
Saving data for 201010310000
A total number of 1192163.0 events have been detected
Saving data for 201011010000
A total number of 873216.0 events have been detected
Saving data for 201011020000
A total number of 422924.0 events have been detected
Saving data for 201011030000
A total number of 425839.0 events have been detected
Saving data for 201011040000
A total number of 507950.0 events have been detected
Saving data for 201011050000
A total number of 895094.0 events have been detected
Saving data for 201011060000
A total number of 1608227.0 events have been detected
Saving data for 201011070000
A total number of 873623.0 events have been detected
Saving data for 201011080000
A total number of 660199.0 events have been detected
Saving data for 201011090000
A total number of 886949.0 events have been detected
Saving data for 201011100000
A total number of 1768352.0 events have been detected
Saving data for 201011110000
A total number of 1291221.0 events have been detected
Saving data for 201011120000
A total number of 657747.0 events have been detected
Saving data for 201011130000
A total number of 884459.0 events have been detected
Saving data for 201011140000
A total number of 841248.0 events have been detected
Saving data for 201011150000
A total number of 856532.0 events have been detected
Saving data for 201011160000
A total number of 1349316.0 events have been detected
Saving data for 201011170000
A total number of 1418085.0 events have been detected
Saving data for 201011180000
A total number of 748862.0 events have been detected
Saving data for 201011190000
A total number of 934087.0 events have been detected
Saving data for 201011200000
A total number of 1239734.0 events have been detected
Saving data for 201011210000
A total number of 1152819.0 events have been detected
Saving data for 201011220000
A total number of 892905.0 events have been detected
Saving data for 201011230000
A total number of 945085.0 events have been detected
Saving data for 201011240000
A total number of 1066163.0 events have been detected
Saving data for 201011250000
A total number of 831520.0 events have been detected
Saving data for 201011260000
A total number of 697863.0 events have been detected
Saving data for 201011270000
A total number of 830574.0 events have been detected
Saving data for 201011280000
A total number of 668289.0 events have been detected
Saving data for 201011290000
A total number of 715401.0 events have been detected
Saving data for 201011300000
A total number of 870145.0 events have been detected
Saving data for 201012010000
A total number of 1427312.0 events have been detected
Saving data for 201012020000
A total number of 936635.0 events have been detected
Saving data for 201012030000
A total number of 1208266.0 events have been detected
Saving data for 201012040000
A total number of 1342053.0 events have been detected
Saving data for 201012050000
A total number of 1683987.0 events have been detected
Saving data for 201012060000
A total number of 1715474.0 events have been detected
Saving data for 201012070000
A total number of 889619.0 events have been detected
Saving data for 201012080000
A total number of 1102850.0 events have been detected
Saving data for 201012090000
A total number of 1457942.0 events have been detected
Saving data for 201012100000
A total number of 1078433.0 events have been detected
Saving data for 201012110000
A total number of 1022451.0 events have been detected
Saving data for 201012120000
A total number of 1527130.0 events have been detected
Saving data for 201012130000
A total number of 1469476.0 events have been detected
Saving data for 201012140000
A total number of 1146494.0 events have been detected
Saving data for 201012150000
A total number of 1389232.0 events have been detected
Saving data for 201012160000
A total number of 953451.0 events have been detected
Saving data for 201012170000
A total number of 568144.0 events have been detected
Saving data for 201012180000
A total number of 586670.0 events have been detected
Saving data for 201012190000
A total number of 908412.0 events have been detected
Saving data for 201012200000
A total number of 1294922.0 events have been detected
Saving data for 201012210000
A total number of 1264142.0 events have been detected
Saving data for 201012220000
A total number of 1095776.0 events have been detected
Saving data for 201012230000
A total number of 1373993.0 events have been detected
Saving data for 201012240000
A total number of 1545734.0 events have been detected
Saving data for 201012250000
A total number of 1361211.0 events have been detected
Saving data for 201012260000
A total number of 1029906.0 events have been detected
Saving data for 201012270000
A total number of 1303066.0 events have been detected
Saving data for 201012280000
A total number of 1318860.0 events have been detected
Saving data for 201012290000
A total number of 783083.0 events have been detected
Saving data for 201012300000
A total number of 704359.0 events have been detected
Saving data for 201012310000
A total number of 733231.0 events have been detected
Saving data for 201101010000
A total number of 288975.0 events have been detected
Saving data for 201101020000
A total number of 516392.0 events have been detected
Saving data for 201101030000
A total number of 862693.0 events have been detected
Saving data for 201101040000
A total number of 919959.0 events have been detected
Saving data for 201101050000
A total number of 725714.0 events have been detected
Saving data for 201101060000
A total number of 920070.0 events have been detected
Saving data for 201101070000
A total number of 536293.0 events have been detected
Saving data for 201101080000
A total number of 670014.0 events have been detected
Saving data for 201101090000
A total number of 520889.0 events have been detected
Saving data for 201101100000
A total number of 817774.0 events have been detected
Saving data for 201101110000
A total number of 711709.0 events have been detected
Saving data for 201101120000
A total number of 1037323.0 events have been detected
Saving data for 201101130000
A total number of 764016.0 events have been detected
Saving data for 201101140000
A total number of 1044352.0 events have been detected
Saving data for 201101150000
A total number of 1436546.0 events have been detected
Saving data for 201101160000
A total number of 777474.0 events have been detected
Saving data for 201101170000
A total number of 768070.0 events have been detected
Saving data for 201101180000
A total number of 1213503.0 events have been detected
Saving data for 201101190000
A total number of 912869.0 events have been detected
Saving data for 201101200000
A total number of 1313495.0 events have been detected
Saving data for 201101210000
A total number of 881140.0 events have been detected
Saving data for 201101220000
A total number of 968347.0 events have been detected
Saving data for 201101230000
A total number of 868249.0 events have been detected
Saving data for 201101240000
A total number of 940740.0 events have been detected
Saving data for 201101250000
A total number of 513267.0 events have been detected
Saving data for 201101260000
A total number of 761742.0 events have been detected
Saving data for 201101270000
A total number of 999816.0 events have been detected
Saving data for 201101280000
A total number of 1121211.0 events have been detected
Saving data for 201101290000
A total number of 1166844.0 events have been detected
Saving data for 201101300000
A total number of 761537.0 events have been detected
Saving data for 201101310000
A total number of 972941.0 events have been detected
Saving data for 201102010000
A total number of 1173672.0 events have been detected
Saving data for 201102020000
A total number of 1043937.0 events have been detected
Saving data for 201102030000
A total number of 838398.0 events have been detected
Saving data for 201102040000
A total number of 1063092.0 events have been detected
Saving data for 201102050000
A total number of 907746.0 events have been detected
Saving data for 201102060000
A total number of 1099014.0 events have been detected
Saving data for 201102070000
A total number of 627396.0 events have been detected
Saving data for 201102080000
A total number of 760376.0 events have been detected
Saving data for 201102090000
A total number of 884739.0 events have been detected
Saving data for 201102100000
A total number of 517847.0 events have been detected
Saving data for 201102110000
A total number of 815969.0 events have been detected
Saving data for 201102120000
A total number of 1118627.0 events have been detected
Saving data for 201102130000
A total number of 1393018.0 events have been detected
Saving data for 201102140000
A total number of 941464.0 events have been detected
Saving data for 201102150000
A total number of 695168.0 events have been detected
Saving data for 201102160000
A total number of 611130.0 events have been detected
Saving data for 201102170000
A total number of 756244.0 events have been detected
Saving data for 201102180000
A total number of 975605.0 events have been detected
Saving data for 201102190000
A total number of 810829.0 events have been detected
Saving data for 201102200000
A total number of 851047.0 events have been detected
Saving data for 201102210000
A total number of 799500.0 events have been detected
Saving data for 201102220000
A total number of 982706.0 events have been detected
Saving data for 201102230000
A total number of 1323645.0 events have been detected
Saving data for 201102240000
A total number of 1152688.0 events have been detected
Saving data for 201102250000
A total number of 957079.0 events have been detected
Saving data for 201102260000
A total number of 891553.0 events have been detected
Saving data for 201102270000
A total number of 444889.0 events have been detected
Saving data for 201102280000
A total number of 296070.0 events have been detected
Saving data for 201103010000
A total number of 594182.0 events have been detected
Saving data for 201103020000
A total number of 809406.0 events have been detected
Saving data for 201103030000
A total number of 994335.0 events have been detected
Saving data for 201103040000
A total number of 1020344.0 events have been detected
Saving data for 201103050000
A total number of 657901.0 events have been detected
Saving data for 201103060000
A total number of 562604.0 events have been detected
Saving data for 201103070000
A total number of 839625.0 events have been detected
Saving data for 201103080000
A total number of 761403.0 events have been detected
Saving data for 201103090000
A total number of 446792.0 events have been detected
Saving data for 201103100000
A total number of 482916.0 events have been detected
Saving data for 201103110000
A total number of 594403.0 events have been detected
Saving data for 201103120000
A total number of 636717.0 events have been detected
Saving data for 201103130000
A total number of 708282.0 events have been detected
Saving data for 201103140000
A total number of 375376.0 events have been detected
Saving data for 201103150000
A total number of 948957.0 events have been detected
Saving data for 201103160000
A total number of 767603.0 events have been detected
Saving data for 201103170000
A total number of 808750.0 events have been detected
Saving data for 201103180000
A total number of 1024901.0 events have been detected
Saving data for 201103190000
A total number of 797290.0 events have been detected
Saving data for 201103200000
A total number of 881554.0 events have been detected
Saving data for 201103210000
A total number of 1016919.0 events have been detected
Saving data for 201103220000
A total number of 842431.0 events have been detected
Saving data for 201103230000
A total number of 722967.0 events have been detected
Saving data for 201103240000
A total number of 976125.0 events have been detected
Saving data for 201103250000
A total number of 910175.0 events have been detected
Saving data for 201103260000
A total number of 1153815.0 events have been detected
Saving data for 201103270000
A total number of 1005547.0 events have been detected
Saving data for 201103280000
A total number of 701700.0 events have been detected
Saving data for 201103290000
A total number of 736613.0 events have been detected
Saving data for 201103300000
A total number of 595366.0 events have been detected
Saving data for 201103310000
A total number of 683703.0 events have been detected
Saving data for 201104010000
A total number of 814313.0 events have been detected
Saving data for 201104020000
A total number of 973582.0 events have been detected
Saving data for 201104030000
A total number of 575291.0 events have been detected
Saving data for 201104040000
A total number of 499073.0 events have been detected
Saving data for 201104050000
A total number of 579816.0 events have been detected
Saving data for 201104060000
A total number of 670322.0 events have been detected
Saving data for 201104070000
A total number of 429760.0 events have been detected
Saving data for 201104080000
A total number of 585014.0 events have been detected
Saving data for 201104090000
A total number of 613488.0 events have been detected
Saving data for 201104100000
A total number of 400185.0 events have been detected
Saving data for 201104110000
A total number of 493929.0 events have been detected
Saving data for 201104120000
A total number of 916695.0 events have been detected
Saving data for 201104130000
A total number of 723554.0 events have been detected
Saving data for 201104140000
A total number of 798015.0 events have been detected
Saving data for 201104150000
A total number of 412735.0 events have been detected
Saving data for 201104160000
A total number of 499124.0 events have been detected
Saving data for 201104170000
A total number of 413759.0 events have been detected
Saving data for 201104180000
A total number of 633559.0 events have been detected
Saving data for 201104190000
A total number of 502366.0 events have been detected
Saving data for 201104200000
A total number of 306628.0 events have been detected
Saving data for 201104210000
A total number of 413632.0 events have been detected
Saving data for 201104220000
A total number of 504086.0 events have been detected
Saving data for 201104230000
A total number of 709361.0 events have been detected
Saving data for 201104240000
A total number of 511019.0 events have been detected
Saving data for 201104250000
A total number of 430024.0 events have been detected
Saving data for 201104260000
A total number of 194621.0 events have been detected
Saving data for 201104270000
A total number of 192027.0 events have been detected
Saving data for 201104280000
A total number of 144191.0 events have been detected
Saving data for 201104290000
A total number of 275281.0 events have been detected
Saving data for 201104300000
A total number of 474171.0 events have been detected
Saving data for 201105010000
A total number of 532718.0 events have been detected
Saving data for 201105020000
A total number of 974879.0 events have been detected
Saving data for 201105030000
A total number of 365589.0 events have been detected
Saving data for 201105040000
A total number of 234676.0 events have been detected
Saving data for 201105050000
A total number of 149045.0 events have been detected
Saving data for 201105060000
A total number of 145586.0 events have been detected
Saving data for 201105070000
A total number of 106733.0 events have been detected
Saving data for 201105080000
A total number of 160039.0 events have been detected
Saving data for 201105090000
A total number of 322875.0 events have been detected
Saving data for 201105100000
A total number of 162841.0 events have been detected
Saving data for 201105110000
A total number of 171748.0 events have been detected
Saving data for 201105120000
A total number of 201335.0 events have been detected
Saving data for 201105130000
A total number of 85223.0 events have been detected
Saving data for 201105140000
A total number of 184281.0 events have been detected
Saving data for 201105150000
A total number of 86171.0 events have been detected
Saving data for 201105160000
A total number of 129509.0 events have been detected
Saving data for 201105170000
A total number of 54251.0 events have been detected
Saving data for 201105180000
A total number of 159154.0 events have been detected
Saving data for 201105190000
A total number of 204215.0 events have been detected
Saving data for 201105200000
A total number of 94745.0 events have been detected
Saving data for 201105210000
A total number of 145434.0 events have been detected
Saving data for 201105220000
A total number of 118330.0 events have been detected
Saving data for 201105230000
A total number of 230633.0 events have been detected
Saving data for 201105240000
A total number of 199390.0 events have been detected
Saving data for 201105250000
A total number of 123729.0 events have been detected
Saving data for 201105260000
A total number of 147723.0 events have been detected
Saving data for 201105270000
A total number of 86498.0 events have been detected
Saving data for 201105280000
A total number of 35418.0 events have been detected
Saving data for 201105290000
A total number of 39499.0 events have been detected
Saving data for 201105300000
A total number of 9735.0 events have been detected
Saving data for 201105310000
A total number of 7108.0 events have been detected
Saving data for 201106010000
A total number of 8449.0 events have been detected
Saving data for 201106020000
A total number of 9832.0 events have been detected
Saving data for 201106030000
A total number of 171928.0 events have been detected
Saving data for 201106040000
A total number of 206898.0 events have been detected
Saving data for 201106050000
A total number of 27660.0 events have been detected
Saving data for 201106060000
A total number of 110072.0 events have been detected
Saving data for 201106070000
A total number of 234663.0 events have been detected
Saving data for 201106080000
A total number of 173935.0 events have been detected
Saving data for 201106090000
A total number of 422800.0 events have been detected
Saving data for 201106100000
A total number of 410995.0 events have been detected
Saving data for 201106110000
A total number of 64404.0 events have been detected
Saving data for 201106120000
A total number of 66100.0 events have been detected
Saving data for 201106130000
A total number of 53083.0 events have been detected
Saving data for 201106140000
A total number of 11575.0 events have been detected
Saving data for 201106150000
A total number of 6062.0 events have been detected
Saving data for 201106160000
A total number of 45171.0 events have been detected
Saving data for 201106170000
A total number of 140887.0 events have been detected
Saving data for 201106180000
A total number of 121524.0 events have been detected
Saving data for 201106190000
A total number of 240768.0 events have been detected
Saving data for 201106200000
A total number of 97278.0 events have been detected
Saving data for 201106210000
A total number of 104898.0 events have been detected
Saving data for 201106220000
A total number of 64132.0 events have been detected
Saving data for 201106230000
A total number of 42812.0 events have been detected
Saving data for 201106240000
A total number of 118583.0 events have been detected
Saving data for 201106250000
A total number of 152153.0 events have been detected
Saving data for 201106260000
A total number of 302315.0 events have been detected
Saving data for 201106270000
A total number of 205737.0 events have been detected
Saving data for 201106280000
A total number of 93875.0 events have been detected
Saving data for 201106290000
A total number of 93731.0 events have been detected
Saving data for 201106300000
A total number of 82756.0 events have been detected
Saving data for 201107010000
A total number of 84641.0 events have been detected
Saving data for 201107020000
A total number of 62596.0 events have been detected
Saving data for 201107030000
A total number of 56616.0 events have been detected
Saving data for 201107040000
A total number of 63273.0 events have been detected
Saving data for 201107050000
A total number of 85104.0 events have been detected
Saving data for 201107060000
A total number of 53550.0 events have been detected
Saving data for 201107070000
A total number of 160297.0 events have been detected
Saving data for 201107080000
A total number of 189759.0 events have been detected
Saving data for 201107090000
A total number of 201929.0 events have been detected
Saving data for 201107100000
A total number of 78338.0 events have been detected
Saving data for 201107110000
A total number of 126379.0 events have been detected
Saving data for 201107120000
A total number of 49026.0 events have been detected
Saving data for 201107130000
A total number of 90289.0 events have been detected
Saving data for 201107140000
A total number of 176266.0 events have been detected
Saving data for 201107150000
A total number of 176981.0 events have been detected
Saving data for 201107160000
A total number of 227934.0 events have been detected
Saving data for 201107170000
A total number of 431704.0 events have been detected
Saving data for 201107180000
A total number of 332294.0 events have been detected
Saving data for 201107190000
A total number of 153310.0 events have been detected
Saving data for 201107200000
A total number of 203509.0 events have been detected
Saving data for 201107210000
A total number of 311571.0 events have been detected
Saving data for 201107220000
A total number of 129787.0 events have been detected
Saving data for 201107230000
A total number of 91441.0 events have been detected
Saving data for 201107240000
A total number of 189465.0 events have been detected
Saving data for 201107250000
A total number of 52261.0 events have been detected
Saving data for 201107260000
A total number of 156308.0 events have been detected
Saving data for 201107270000
A total number of 123200.0 events have been detected
Saving data for 201107280000
A total number of 263952.0 events have been detected
Saving data for 201107290000
A total number of 547359.0 events have been detected
Saving data for 201107300000
A total number of 243699.0 events have been detected
Saving data for 201107310000
A total number of 123981.0 events have been detected
Saving data for 201108010000
A total number of 94018.0 events have been detected
Saving data for 201108020000
A total number of 295097.0 events have been detected
Saving data for 201108030000
A total number of 135317.0 events have been detected
Saving data for 201108040000
A total number of 219171.0 events have been detected
Saving data for 201108050000
A total number of 123752.0 events have been detected
Saving data for 201108060000
A total number of 106663.0 events have been detected
Saving data for 201108070000
A total number of 55527.0 events have been detected
Saving data for 201108080000
A total number of 420864.0 events have been detected
Saving data for 201108090000
A total number of 415963.0 events have been detected
Saving data for 201108100000
A total number of 151438.0 events have been detected
Saving data for 201108110000
A total number of 48992.0 events have been detected
Saving data for 201108120000
A total number of 118374.0 events have been detected
Saving data for 201108130000
A total number of 225744.0 events have been detected
Saving data for 201108140000
A total number of 217841.0 events have been detected
Saving data for 201108150000
A total number of 258888.0 events have been detected
Saving data for 201108160000
A total number of 268491.0 events have been detected
Saving data for 201108170000
A total number of 152124.0 events have been detected
Saving data for 201108180000
A total number of 419826.0 events have been detected
Saving data for 201108190000
A total number of 237274.0 events have been detected
Saving data for 201108200000
A total number of 203974.0 events have been detected
Saving data for 201108210000
A total number of 104547.0 events have been detected
Saving data for 201108220000
A total number of 60718.0 events have been detected
Saving data for 201108230000
A total number of 69458.0 events have been detected
Saving data for 201108240000
A total number of 62303.0 events have been detected
Saving data for 201108250000
A total number of 148071.0 events have been detected
Saving data for 201108260000
A total number of 226595.0 events have been detected
Saving data for 201108270000
A total number of 379397.0 events have been detected
Saving data for 201108280000
A total number of 452531.0 events have been detected
Saving data for 201108290000
A total number of 526452.0 events have been detected
Saving data for 201108300000
A total number of 676454.0 events have been detected
Saving data for 201108310000
A total number of 387977.0 events have been detected
Saving data for 201109010000
A total number of 172991.0 events have been detected
Saving data for 201109020000
A total number of 245411.0 events have been detected
Saving data for 201109030000
A total number of 168635.0 events have been detected
Saving data for 201109040000
A total number of 183758.0 events have been detected
Saving data for 201109050000
A total number of 540508.0 events have been detected
Saving data for 201109060000
A total number of 384699.0 events have been detected
Saving data for 201109070000
A total number of 365543.0 events have been detected
Saving data for 201109080000
A total number of 360837.0 events have been detected
Saving data for 201109090000
A total number of 494491.0 events have been detected
Saving data for 201109100000
A total number of 468773.0 events have been detected
Saving data for 201109110000
A total number of 516994.0 events have been detected
Saving data for 201109120000
A total number of 167969.0 events have been detected
Saving data for 201109130000
A total number of 172085.0 events have been detected
Saving data for 201109140000
A total number of 253471.0 events have been detected
Saving data for 201109150000
A total number of 142535.0 events have been detected
Saving data for 201109160000
A total number of 264188.0 events have been detected
Saving data for 201109170000
A total number of 378272.0 events have been detected
Saving data for 201109180000
A total number of 419058.0 events have been detected
Saving data for 201109190000
A total number of 376849.0 events have been detected
Saving data for 201109200000
A total number of 454943.0 events have been detected
Saving data for 201109210000
A total number of 354656.0 events have been detected
Saving data for 201109220000
A total number of 177338.0 events have been detected
Saving data for 201109230000
A total number of 740984.0 events have been detected
Saving data for 201109240000
A total number of 336540.0 events have been detected
Saving data for 201109250000
A total number of 195416.0 events have been detected
Saving data for 201109260000
A total number of 323339.0 events have been detected
Saving data for 201109270000
A total number of 467856.0 events have been detected
Saving data for 201109280000
A total number of 315229.0 events have been detected
Saving data for 201109290000
A total number of 204777.0 events have been detected
Saving data for 201109300000
A total number of 400387.0 events have been detected
Saving data for 201110010000
A total number of 664603.0 events have been detected
Saving data for 201110020000
A total number of 339871.0 events have been detected
Saving data for 201110030000
A total number of 428638.0 events have been detected
Saving data for 201110040000
A total number of 324882.0 events have been detected
Saving data for 201110050000
A total number of 514413.0 events have been detected
Saving data for 201110060000
A total number of 330605.0 events have been detected
Saving data for 201110070000
A total number of 529319.0 events have been detected
Saving data for 201110080000
A total number of 570070.0 events have been detected
Saving data for 201110090000
A total number of 574786.0 events have been detected
Saving data for 201110100000
A total number of 1211106.0 events have been detected
Saving data for 201110110000
A total number of 815761.0 events have been detected
Saving data for 201110120000
A total number of 490656.0 events have been detected
Saving data for 201110130000
A total number of 679184.0 events have been detected
Saving data for 201110140000
A total number of 837802.0 events have been detected
Saving data for 201110150000
A total number of 601780.0 events have been detected
Saving data for 201110160000
A total number of 610277.0 events have been detected
Saving data for 201110170000
A total number of 933305.0 events have been detected
Saving data for 201110180000
A total number of 379566.0 events have been detected
Saving data for 201110190000
A total number of 375875.0 events have been detected
Saving data for 201110200000
A total number of 799204.0 events have been detected
Saving data for 201110210000
A total number of 532192.0 events have been detected
Saving data for 201110220000
A total number of 263048.0 events have been detected
Saving data for 201110230000
A total number of 658619.0 events have been detected
Saving data for 201110240000
A total number of 607384.0 events have been detected
Saving data for 201110250000
A total number of 743468.0 events have been detected
Saving data for 201110260000
A total number of 1006696.0 events have been detected
Saving data for 201110270000
A total number of 896018.0 events have been detected
Saving data for 201110280000
A total number of 1363954.0 events have been detected
Saving data for 201110290000
A total number of 996508.0 events have been detected
Saving data for 201110300000
A total number of 967406.0 events have been detected
Saving data for 201110310000
A total number of 816465.0 events have been detected
Saving data for 201111010000
A total number of 1115112.0 events have been detected
Saving data for 201111020000
A total number of 894232.0 events have been detected
Saving data for 201111030000
A total number of 787134.0 events have been detected
Saving data for 201111040000
A total number of 687538.0 events have been detected
Saving data for 201111050000
A total number of 1050372.0 events have been detected
Saving data for 201111060000
A total number of 686866.0 events have been detected
Saving data for 201111070000
A total number of 669732.0 events have been detected
Saving data for 201111080000
A total number of 375784.0 events have been detected
Saving data for 201111090000
A total number of 760037.0 events have been detected
Saving data for 201111100000
A total number of 944676.0 events have been detected
Saving data for 201111110000
A total number of 1357660.0 events have been detected
Saving data for 201111120000
A total number of 654213.0 events have been detected
Saving data for 201111130000
A total number of 824308.0 events have been detected
Saving data for 201111140000
A total number of 731288.0 events have been detected
Saving data for 201111150000
A total number of 680450.0 events have been detected
Saving data for 201111160000
A total number of 922382.0 events have been detected
Saving data for 201111170000
A total number of 661826.0 events have been detected
Saving data for 201111180000
A total number of 1241816.0 events have been detected
Saving data for 201111190000
A total number of 1168337.0 events have been detected
Saving data for 201111200000
A total number of 1022125.0 events have been detected
Saving data for 201111210000
A total number of 808105.0 events have been detected
Saving data for 201111220000
A total number of 1108954.0 events have been detected
Saving data for 201111230000
A total number of 1611122.0 events have been detected
Saving data for 201111240000
A total number of 1626990.0 events have been detected
Saving data for 201111250000
A total number of 1618058.0 events have been detected
Saving data for 201111260000
A total number of 1263043.0 events have been detected
Saving data for 201111270000
A total number of 1226573.0 events have been detected
Saving data for 201111280000
A total number of 1336376.0 events have been detected
Saving data for 201111290000
A total number of 1336068.0 events have been detected
Saving data for 201111300000
A total number of 1477202.0 events have been detected
Saving data for 201112010000
A total number of 1447971.0 events have been detected
Saving data for 201112020000
A total number of 1900133.0 events have been detected
Saving data for 201112030000
A total number of 921473.0 events have been detected
Saving data for 201112040000
A total number of 787813.0 events have been detected
Saving data for 201112050000
A total number of 1105188.0 events have been detected
Saving data for 201112060000
A total number of 1578071.0 events have been detected
Saving data for 201112070000
A total number of 1262916.0 events have been detected
Saving data for 201112080000
A total number of 2131774.0 events have been detected
Saving data for 201112090000
A total number of 1766319.0 events have been detected
Saving data for 201112100000
A total number of 1633971.0 events have been detected
Saving data for 201112110000
A total number of 1551384.0 events have been detected
Saving data for 201112120000
A total number of 1729595.0 events have been detected
Saving data for 201112130000
A total number of 2111638.0 events have been detected
Saving data for 201112140000
A total number of 1743732.0 events have been detected
Saving data for 201112150000
A total number of 1795586.0 events have been detected
Saving data for 201112160000
A total number of 1642111.0 events have been detected
Saving data for 201112170000
A total number of 1845583.0 events have been detected
Saving data for 201112180000
A total number of 1319624.0 events have been detected
Saving data for 201112190000
A total number of 1461491.0 events have been detected
Saving data for 201112200000
A total number of 1022434.0 events have been detected
Saving data for 201112210000
A total number of 1006714.0 events have been detected
Saving data for 201112220000
A total number of 892061.0 events have been detected
Saving data for 201112230000
A total number of 1852368.0 events have been detected
Saving data for 201112240000
A total number of 1689423.0 events have been detected
Saving data for 201112250000
A total number of 1009264.0 events have been detected
Saving data for 201112260000
A total number of 1009901.0 events have been detected
Saving data for 201112270000
A total number of 1110711.0 events have been detected
Saving data for 201112280000
A total number of 1290668.0 events have been detected
Saving data for 201112290000
A total number of 1571623.0 events have been detected
Saving data for 201112300000
A total number of 1514337.0 events have been detected
Saving data for 201112310000
A total number of 1305695.0 events have been detected
Saving data for 201201010000
A total number of 1292326.0 events have been detected
Saving data for 201201020000
A total number of 1049676.0 events have been detected
Saving data for 201201030000
A total number of 705015.0 events have been detected
Saving data for 201201040000
A total number of 1078028.0 events have been detected
Saving data for 201201050000
A total number of 1477367.0 events have been detected
Saving data for 201201060000
A total number of 1658771.0 events have been detected
Saving data for 201201070000
A total number of 1857393.0 events have been detected
Saving data for 201201080000
A total number of 1041050.0 events have been detected
Saving data for 201201090000
A total number of 1025654.0 events have been detected
Saving data for 201201100000
A total number of 913481.0 events have been detected
Saving data for 201201110000
A total number of 1132807.0 events have been detected
Saving data for 201201120000
A total number of 1314082.0 events have been detected
Saving data for 201201130000
A total number of 802640.0 events have been detected
Saving data for 201201140000
A total number of 855576.0 events have been detected
Saving data for 201201150000
A total number of 1267759.0 events have been detected
Saving data for 201201160000
A total number of 1411742.0 events have been detected
Saving data for 201201170000
A total number of 1252545.0 events have been detected
Saving data for 201201180000
A total number of 1783861.0 events have been detected
Saving data for 201201190000
A total number of 1918867.0 events have been detected
Saving data for 201201200000
A total number of 996926.0 events have been detected
Saving data for 201201210000
A total number of 1074075.0 events have been detected
Saving data for 201201220000
A total number of 1357633.0 events have been detected
Saving data for 201201230000
A total number of 822399.0 events have been detected
Saving data for 201201240000
A total number of 1462768.0 events have been detected
Saving data for 201201250000
A total number of 882304.0 events have been detected
Saving data for 201201260000
A total number of 705842.0 events have been detected
Saving data for 201201270000
A total number of 634925.0 events have been detected
Saving data for 201201280000
A total number of 1107402.0 events have been detected
Saving data for 201201290000
A total number of 1199668.0 events have been detected
Saving data for 201201300000
A total number of 1366233.0 events have been detected
Saving data for 201201310000
A total number of 2109150.0 events have been detected
Saving data for 201202010000
A total number of 1605240.0 events have been detected
Saving data for 201202020000
A total number of 1224411.0 events have been detected
Saving data for 201202030000
A total number of 752101.0 events have been detected
Saving data for 201202040000
A total number of 690312.0 events have been detected
Saving data for 201202050000
A total number of 952304.0 events have been detected
Saving data for 201202060000
A total number of 1257354.0 events have been detected
Saving data for 201202070000
A total number of 1236154.0 events have been detected
Saving data for 201202080000
A total number of 1289622.0 events have been detected
Saving data for 201202090000
A total number of 1818095.0 events have been detected
Saving data for 201202100000
A total number of 1555360.0 events have been detected
Saving data for 201202110000
A total number of 980735.0 events have been detected
Saving data for 201202120000
A total number of 1106029.0 events have been detected
Saving data for 201202130000
A total number of 1232291.0 events have been detected
Saving data for 201202140000
A total number of 897821.0 events have been detected
Saving data for 201202150000
A total number of 971007.0 events have been detected
Saving data for 201202160000
A total number of 736342.0 events have been detected
Saving data for 201202170000
A total number of 1057350.0 events have been detected
Saving data for 201202180000
A total number of 1043062.0 events have been detected
Saving data for 201202190000
A total number of 1073455.0 events have been detected
Saving data for 201202200000
A total number of 1393268.0 events have been detected
Saving data for 201202210000
A total number of 1255866.0 events have been detected
Saving data for 201202220000
A total number of 981175.0 events have been detected
Saving data for 201202230000
A total number of 1455347.0 events have been detected
Saving data for 201202240000
A total number of 1315865.0 events have been detected
Saving data for 201202250000
A total number of 1358044.0 events have been detected
Saving data for 201202260000
A total number of 1405477.0 events have been detected
Saving data for 201202270000
A total number of 805632.0 events have been detected
Saving data for 201202280000
A total number of 946870.0 events have been detected
Saving data for 201202290000
A total number of 1006231.0 events have been detected
Saving data for 201203010000
A total number of 1338317.0 events have been detected
Saving data for 201203020000
A total number of 918973.0 events have been detected
Saving data for 201203030000
A total number of 919124.0 events have been detected
Saving data for 201203040000
A total number of 1228710.0 events have been detected
Saving data for 201203050000
A total number of 1047072.0 events have been detected
Saving data for 201203060000
A total number of 1470619.0 events have been detected
Saving data for 201203070000
A total number of 958391.0 events have been detected
Saving data for 201203080000
A total number of 659089.0 events have been detected
Saving data for 201203090000
A total number of 250948.0 events have been detected
Saving data for 201203100000
A total number of 666817.0 events have been detected
Saving data for 201203110000
A total number of 656065.0 events have been detected
Saving data for 201203120000
A total number of 678582.0 events have been detected
Saving data for 201203130000
A total number of 1541362.0 events have been detected
Saving data for 201203140000
A total number of 1885281.0 events have been detected
Saving data for 201203150000
A total number of 1365963.0 events have been detected
Saving data for 201203160000
A total number of 931226.0 events have been detected
Saving data for 201203170000
A total number of 875239.0 events have been detected
Saving data for 201203180000
A total number of 735256.0 events have been detected
Saving data for 201203190000
A total number of 457453.0 events have been detected
Saving data for 201203200000
A total number of 765304.0 events have been detected
Saving data for 201203210000
A total number of 727574.0 events have been detected
Saving data for 201203220000
A total number of 1148951.0 events have been detected
Saving data for 201203230000
A total number of 1228629.0 events have been detected
Saving data for 201203240000
A total number of 1030296.0 events have been detected
Saving data for 201203250000
A total number of 824388.0 events have been detected
Saving data for 201203260000
A total number of 1155531.0 events have been detected
Saving data for 201203270000
A total number of 1682889.0 events have been detected
Saving data for 201203280000
A total number of 661040.0 events have been detected
Saving data for 201203290000
A total number of 478576.0 events have been detected
Saving data for 201203300000
A total number of 717859.0 events have been detected
Saving data for 201203310000
A total number of 960509.0 events have been detected
Saving data for 201204010000
A total number of 623511.0 events have been detected
Saving data for 201204020000
A total number of 920305.0 events have been detected
Saving data for 201204030000
A total number of 592480.0 events have been detected
Saving data for 201204040000
A total number of 411762.0 events have been detected
Saving data for 201204050000
A total number of 566101.0 events have been detected
Saving data for 201204060000
A total number of 692294.0 events have been detected
Saving data for 201204070000
A total number of 652478.0 events have been detected
Saving data for 201204080000
A total number of 672188.0 events have been detected
Saving data for 201204090000
A total number of 775531.0 events have been detected
Saving data for 201204100000
A total number of 805798.0 events have been detected
Saving data for 201204110000
A total number of 831070.0 events have been detected
Saving data for 201204120000
A total number of 888332.0 events have been detected
Saving data for 201204130000
A total number of 550715.0 events have been detected
Saving data for 201204140000
A total number of 752310.0 events have been detected
Saving data for 201204150000
A total number of 834636.0 events have been detected
Saving data for 201204160000
A total number of 618947.0 events have been detected
Saving data for 201204170000
A total number of 500450.0 events have been detected
Saving data for 201204180000
A total number of 747910.0 events have been detected
Saving data for 201204190000
A total number of 836115.0 events have been detected
Saving data for 201204200000
A total number of 928357.0 events have been detected
Saving data for 201204210000
A total number of 561001.0 events have been detected
Saving data for 201204220000
A total number of 725948.0 events have been detected
Saving data for 201204230000
A total number of 786132.0 events have been detected
Saving data for 201204240000
A total number of 736324.0 events have been detected
Saving data for 201204250000
A total number of 826127.0 events have been detected
Saving data for 201204260000
A total number of 1260584.0 events have been detected
Saving data for 201204270000
A total number of 983331.0 events have been detected
Saving data for 201204280000
A total number of 1021539.0 events have been detected
Saving data for 201204290000
A total number of 1273245.0 events have been detected
Saving data for 201204300000
A total number of 653619.0 events have been detected
Saving data for 201205010000
A total number of 413710.0 events have been detected
Saving data for 201205020000
A total number of 243030.0 events have been detected
Saving data for 201205030000
A total number of 357429.0 events have been detected
Saving data for 201205040000
A total number of 269826.0 events have been detected
Saving data for 201205050000
A total number of 262288.0 events have been detected
Saving data for 201205060000
A total number of 183190.0 events have been detected
Saving data for 201205070000
A total number of 227793.0 events have been detected
Saving data for 201205080000
A total number of 346148.0 events have been detected
Saving data for 201205090000
A total number of 340400.0 events have been detected
Saving data for 201205100000
A total number of 322486.0 events have been detected
Saving data for 201205110000
A total number of 603226.0 events have been detected
Saving data for 201205120000
A total number of 1503459.0 events have been detected
Saving data for 201205130000
A total number of 658386.0 events have been detected
Saving data for 201205140000
A total number of 406330.0 events have been detected
Saving data for 201205150000
A total number of 366234.0 events have been detected
Saving data for 201205160000
A total number of 467844.0 events have been detected
Saving data for 201205170000
A total number of 373672.0 events have been detected
Saving data for 201205180000
A total number of 527481.0 events have been detected
Saving data for 201205190000
A total number of 264266.0 events have been detected
Saving data for 201205200000
A total number of 278288.0 events have been detected
Saving data for 201205210000
A total number of 541047.0 events have been detected
Saving data for 201205220000
A total number of 319176.0 events have been detected
Saving data for 201205230000
A total number of 880713.0 events have been detected
Saving data for 201205240000
A total number of 788713.0 events have been detected
Saving data for 201205250000
A total number of 720910.0 events have been detected
Saving data for 201205260000
A total number of 1142170.0 events have been detected
Saving data for 201205270000
A total number of 1275302.0 events have been detected
Saving data for 201205280000
A total number of 637002.0 events have been detected
Saving data for 201205290000
A total number of 565369.0 events have been detected
Saving data for 201205300000
A total number of 761366.0 events have been detected
Saving data for 201205310000
A total number of 546150.0 events have been detected
Saving data for 201206010000
A total number of 439367.0 events have been detected
Saving data for 201206020000
A total number of 374386.0 events have been detected
Saving data for 201206030000
A total number of 1027014.0 events have been detected
Saving data for 201206040000
A total number of 829204.0 events have been detected
Saving data for 201206050000
A total number of 773472.0 events have been detected
Saving data for 201206060000
A total number of 448045.0 events have been detected
Saving data for 201206070000
A total number of 260638.0 events have been detected
Saving data for 201206080000
A total number of 91346.0 events have been detected
Saving data for 201206090000
A total number of 140283.0 events have been detected
Saving data for 201206100000
A total number of 318992.0 events have been detected
Saving data for 201206110000
A total number of 336213.0 events have been detected
Saving data for 201206120000
A total number of 112921.0 events have been detected
Saving data for 201206130000
A total number of 200953.0 events have been detected
Saving data for 201206140000
A total number of 734796.0 events have been detected
Saving data for 201206150000
A total number of 676461.0 events have been detected
Saving data for 201206160000
A total number of 374884.0 events have been detected
Saving data for 201206170000
A total number of 1240266.0 events have been detected
Saving data for 201206180000
A total number of 259348.0 events have been detected
Saving data for 201206190000
A total number of 717898.0 events have been detected
Saving data for 201206200000
A total number of 541371.0 events have been detected
Saving data for 201206210000
A total number of 492398.0 events have been detected
Saving data for 201206220000
A total number of 731541.0 events have been detected
Saving data for 201206230000
A total number of 717207.0 events have been detected
Saving data for 201206240000
A total number of 378809.0 events have been detected
Saving data for 201206250000
A total number of 573239.0 events have been detected
Saving data for 201206260000
A total number of 345088.0 events have been detected
Saving data for 201206270000
A total number of 450669.0 events have been detected
Saving data for 201206280000
A total number of 158108.0 events have been detected
Saving data for 201206290000
A total number of 468726.0 events have been detected
Saving data for 201206300000
A total number of 315188.0 events have been detected
Saving data for 201207010000
A total number of 315136.0 events have been detected
Saving data for 201207020000
A total number of 162126.0 events have been detected
Saving data for 201207030000
A total number of 179983.0 events have been detected
Saving data for 201207040000
A total number of 53591.0 events have been detected
Saving data for 201207050000
A total number of 98629.0 events have been detected
Saving data for 201207060000
A total number of 289465.0 events have been detected
Saving data for 201207070000
A total number of 438441.0 events have been detected
Saving data for 201207080000
A total number of 288859.0 events have been detected
Saving data for 201207090000
A total number of 205922.0 events have been detected
Saving data for 201207100000
A total number of 200249.0 events have been detected
Saving data for 201207110000
A total number of 121166.0 events have been detected
Saving data for 201207120000
A total number of 240647.0 events have been detected
Saving data for 201207130000
A total number of 596953.0 events have been detected
Saving data for 201207140000
A total number of 285751.0 events have been detected
Saving data for 201207150000
A total number of 334751.0 events have been detected
Saving data for 201207160000
A total number of 266200.0 events have been detected
Saving data for 201207170000
A total number of 105987.0 events have been detected
Saving data for 201207180000
A total number of 76958.0 events have been detected
Saving data for 201207190000
A total number of 72680.0 events have been detected
Saving data for 201207200000
A total number of 52972.0 events have been detected
Saving data for 201207210000
A total number of 29616.0 events have been detected
Saving data for 201207220000
A total number of 44684.0 events have been detected
Saving data for 201207230000
A total number of 61866.0 events have been detected
Saving data for 201207240000
A total number of 67221.0 events have been detected
Saving data for 201207250000
A total number of 134408.0 events have been detected
Saving data for 201207260000
A total number of 101461.0 events have been detected
Saving data for 201207270000
A total number of 188460.0 events have been detected
Saving data for 201207280000
A total number of 87875.0 events have been detected
Saving data for 201207290000
A total number of 365454.0 events have been detected
Saving data for 201207300000
A total number of 178885.0 events have been detected
Saving data for 201207310000
A total number of 264610.0 events have been detected
Saving data for 201208010000
A total number of 96173.0 events have been detected
Saving data for 201208020000
A total number of 19639.0 events have been detected
Saving data for 201208030000
A total number of 14970.0 events have been detected
Saving data for 201208040000
A total number of 97551.0 events have been detected
Saving data for 201208050000
A total number of 238643.0 events have been detected
Saving data for 201208060000
A total number of 12288.0 events have been detected
Saving data for 201208070000
A total number of 22090.0 events have been detected
Saving data for 201208080000
A total number of 89017.0 events have been detected
Saving data for 201208090000
A total number of 49748.0 events have been detected
Saving data for 201208100000
A total number of 56199.0 events have been detected
Saving data for 201208110000
A total number of 91232.0 events have been detected
Saving data for 201208120000
A total number of 316614.0 events have been detected
Saving data for 201208130000
A total number of 297600.0 events have been detected
Saving data for 201208140000
A total number of 197970.0 events have been detected
Saving data for 201208150000
A total number of 567205.0 events have been detected
Saving data for 201208160000
A total number of 521120.0 events have been detected
Saving data for 201208170000
A total number of 430853.0 events have been detected
Saving data for 201208180000
A total number of 205659.0 events have been detected
Saving data for 201208190000
A total number of 239820.0 events have been detected
Saving data for 201208200000
A total number of 251833.0 events have been detected
Saving data for 201208210000
A total number of 158654.0 events have been detected
Saving data for 201208220000
A total number of 98822.0 events have been detected
Saving data for 201208230000
A total number of 86890.0 events have been detected
Saving data for 201208240000
A total number of 188577.0 events have been detected
Saving data for 201208250000
A total number of 377448.0 events have been detected
Saving data for 201208260000
A total number of 216831.0 events have been detected
Saving data for 201208270000
A total number of 169289.0 events have been detected
Saving data for 201208280000
A total number of 255884.0 events have been detected
Saving data for 201208290000
A total number of 167143.0 events have been detected
Saving data for 201208300000
A total number of 163675.0 events have been detected
Saving data for 201208310000
A total number of 271959.0 events have been detected
Saving data for 201209010000
A total number of 206112.0 events have been detected
Saving data for 201209020000
A total number of 338411.0 events have been detected
Saving data for 201209030000
A total number of 384295.0 events have been detected
Saving data for 201209040000
A total number of 407303.0 events have been detected
Saving data for 201209050000
A total number of 501319.0 events have been detected
Saving data for 201209060000
A total number of 377179.0 events have been detected
Saving data for 201209070000
A total number of 432601.0 events have been detected
Saving data for 201209080000
A total number of 175519.0 events have been detected
Saving data for 201209090000
A total number of 734825.0 events have been detected
Saving data for 201209100000
A total number of 661480.0 events have been detected
Saving data for 201209110000
A total number of 504437.0 events have been detected
Saving data for 201209120000
A total number of 290445.0 events have been detected
Saving data for 201209130000
A total number of 506956.0 events have been detected
Saving data for 201209140000
A total number of 420220.0 events have been detected
Saving data for 201209150000
A total number of 526747.0 events have been detected
Saving data for 201209160000
A total number of 663532.0 events have been detected
Saving data for 201209170000
A total number of 634434.0 events have been detected
Saving data for 201209180000
A total number of 486537.0 events have been detected
Saving data for 201209190000
A total number of 537289.0 events have been detected
Saving data for 201209200000
A total number of 519767.0 events have been detected
Saving data for 201209210000
A total number of 941233.0 events have been detected
Saving data for 201209220000
A total number of 712106.0 events have been detected
Saving data for 201209230000
A total number of 573163.0 events have been detected
Saving data for 201209240000
A total number of 674079.0 events have been detected
Saving data for 201209250000
A total number of 993862.0 events have been detected
Saving data for 201209260000
A total number of 884313.0 events have been detected
Saving data for 201209270000
A total number of 265723.0 events have been detected
Saving data for 201209280000
A total number of 315874.0 events have been detected
Saving data for 201209290000
A total number of 518921.0 events have been detected
Saving data for 201209300000
A total number of 382367.0 events have been detected
Saving data for 201210010000
A total number of 630181.0 events have been detected
Saving data for 201210020000
A total number of 872284.0 events have been detected
Saving data for 201210030000
A total number of 944680.0 events have been detected
Saving data for 201210040000
A total number of 702713.0 events have been detected
Saving data for 201210050000
A total number of 504442.0 events have been detected
Saving data for 201210060000
A total number of 631667.0 events have been detected
Saving data for 201210070000
A total number of 933531.0 events have been detected
Saving data for 201210080000
A total number of 483669.0 events have been detected
Saving data for 201210090000
A total number of 630874.0 events have been detected
Saving data for 201210100000
A total number of 647941.0 events have been detected
Saving data for 201210110000
A total number of 1190453.0 events have been detected
Saving data for 201210120000
A total number of 704162.0 events have been detected
Saving data for 201210130000
A total number of 668970.0 events have been detected
Saving data for 201210140000
A total number of 880955.0 events have been detected
Saving data for 201210150000
A total number of 581904.0 events have been detected
Saving data for 201210160000
A total number of 1351531.0 events have been detected
Saving data for 201210170000
A total number of 2099289.0 events have been detected
Saving data for 201210180000
A total number of 1845145.0 events have been detected
Saving data for 201210190000
A total number of 1042119.0 events have been detected
Saving data for 201210200000
A total number of 816450.0 events have been detected
Saving data for 201210210000
A total number of 1021953.0 events have been detected
Saving data for 201210220000
A total number of 991477.0 events have been detected
Saving data for 201210230000
A total number of 1218260.0 events have been detected
Saving data for 201210240000
A total number of 781415.0 events have been detected
Saving data for 201210250000
A total number of 904066.0 events have been detected
Saving data for 201210260000
A total number of 1097312.0 events have been detected
Saving data for 201210270000
A total number of 1265688.0 events have been detected
Saving data for 201210280000
A total number of 1182980.0 events have been detected
Saving data for 201210290000
A total number of 658682.0 events have been detected
Saving data for 201210300000
A total number of 1110101.0 events have been detected
Saving data for 201210310000
A total number of 1059163.0 events have been detected
Saving data for 201211010000
A total number of 1277618.0 events have been detected
Saving data for 201211020000
A total number of 1284757.0 events have been detected
Saving data for 201211030000
A total number of 1001193.0 events have been detected
Saving data for 201211040000
A total number of 1509379.0 events have been detected
Saving data for 201211050000
A total number of 1239781.0 events have been detected
Saving data for 201211060000
A total number of 781262.0 events have been detected
Saving data for 201211070000
A total number of 904346.0 events have been detected
Saving data for 201211080000
A total number of 1002461.0 events have been detected
Saving data for 201211090000
A total number of 860087.0 events have been detected
Saving data for 201211100000
A total number of 1529942.0 events have been detected
Saving data for 201211110000
A total number of 1668022.0 events have been detected
Saving data for 201211120000
A total number of 1471788.0 events have been detected
Saving data for 201211130000
A total number of 1880598.0 events have been detected
Saving data for 201211140000
A total number of 1305528.0 events have been detected
Saving data for 201211150000
A total number of 1322762.0 events have been detected
Saving data for 201211160000
A total number of 1417969.0 events have been detected
Saving data for 201211170000
A total number of 1171559.0 events have been detected
Saving data for 201211180000
A total number of 1611152.0 events have been detected
Saving data for 201211190000
A total number of 1535733.0 events have been detected
Saving data for 201211200000
A total number of 1524054.0 events have been detected
Saving data for 201211210000
A total number of 1370889.0 events have been detected
Saving data for 201211220000
A total number of 1498091.0 events have been detected
Saving data for 201211230000
A total number of 1494685.0 events have been detected
Saving data for 201211240000
A total number of 1595316.0 events have been detected
Saving data for 201211250000
A total number of 2204334.0 events have been detected
Saving data for 201211260000
A total number of 1780039.0 events have been detected
Saving data for 201211270000
A total number of 1595457.0 events have been detected
Saving data for 201211280000
A total number of 1215106.0 events have been detected
Saving data for 201211290000
A total number of 1786399.0 events have been detected
Saving data for 201211300000
A total number of 1961457.0 events have been detected
Saving data for 201212010000
A total number of 1244312.0 events have been detected
Saving data for 201212020000
A total number of 963210.0 events have been detected
Saving data for 201212030000
A total number of 1669757.0 events have been detected
Saving data for 201212040000
A total number of 1625940.0 events have been detected
Saving data for 201212050000
A total number of 1680632.0 events have been detected
Saving data for 201212060000
A total number of 1684349.0 events have been detected
Saving data for 201212070000
A total number of 1323597.0 events have been detected
Saving data for 201212080000
A total number of 1346302.0 events have been detected
Saving data for 201212090000
A total number of 1829172.0 events have been detected
Saving data for 201212100000
A total number of 1329407.0 events have been detected
Saving data for 201212110000
A total number of 1406971.0 events have been detected
Saving data for 201212120000
A total number of 2154728.0 events have been detected
Saving data for 201212130000
A total number of 2565013.0 events have been detected
Saving data for 201212140000
A total number of 2172490.0 events have been detected
Saving data for 201212150000
A total number of 1836076.0 events have been detected
Saving data for 201212160000
A total number of 2001473.0 events have been detected
Saving data for 201212170000
A total number of 1455578.0 events have been detected
Saving data for 201212180000
A total number of 1624106.0 events have been detected
Saving data for 201212190000
A total number of 1461712.0 events have been detected
Saving data for 201212200000
A total number of 1963916.0 events have been detected
Saving data for 201212210000
A total number of 2034045.0 events have been detected
Saving data for 201212220000
A total number of 2710334.0 events have been detected
Saving data for 201212230000
A total number of 2512650.0 events have been detected
Saving data for 201212240000
A total number of 1122436.0 events have been detected
Saving data for 201212250000
A total number of 909192.0 events have been detected
Saving data for 201212260000
A total number of 1488923.0 events have been detected
Saving data for 201212270000
A total number of 1410712.0 events have been detected
Saving data for 201212280000
A total number of 1804172.0 events have been detected
Saving data for 201212290000
A total number of 1582690.0 events have been detected
Saving data for 201212300000
A total number of 1501339.0 events have been detected
